%!Adobe-FontList 1.23
%Locale:0x40c

%BeginFont
Handler:DirectoryHandler
FontType:TrueType
FontName:Arial-ItalicMT
FamilyName:Arial
StyleName:Italic
FullName:Arial Italic
MenuName:Arial
StyleBits:1
WritingScript:Roman
OutlineFileName:C:\fichiers\head\head-master\head-md1-future-of-drawing\head-md-future-of-drawing\presentations\2023-11-16\Dossier HEAD-MD1_Caran-d-Ache_Name-Surname_Project-Name\Document fonts\Arial Italic.ttf
DataFormat:sfntData
hasSVG:no
hasCOLR:no
VariableFontType:NonVariableFont
FileLength:553284
FileModTime:1699941520
WeightClass:400
WidthClass:5
AngleClass:1
NameArray:0,Mac,4,Arial Italic
NameArray:0,Win,1,Arial
%EndFont

%BeginFont
Handler:DirectoryHandler
FontType:TrueType
FontName:ArialMT
FamilyName:Arial
StyleName:Regular
FullName:Arial
MenuName:Arial
StyleBits:0
WritingScript:Roman
OutlineFileName:C:\fichiers\head\head-master\head-md1-future-of-drawing\head-md-future-of-drawing\presentations\2023-11-16\Dossier HEAD-MD1_Caran-d-Ache_Name-Surname_Project-Name\Document fonts\Arial.ttf
DataFormat:sfntData
hasSVG:no
hasCOLR:no
VariableFontType:NonVariableFont
FileLength:773236
FileModTime:1699941514
WeightClass:400
WidthClass:5
AngleClass:0
NameArray:0,Mac,4,Arial
NameArray:0,Win,1,Arial
%EndFont

%BeginFont
Handler:DirectoryHandler
FontType:TrueType
FontName:Arial-BoldMT
FamilyName:Arial
StyleName:Bold
FullName:Arial Bold
MenuName:Arial
StyleBits:2
WritingScript:Roman
OutlineFileName:C:\fichiers\head\head-master\head-md1-future-of-drawing\head-md-future-of-drawing\presentations\2023-11-16\Dossier HEAD-MD1_Caran-d-Ache_Name-Surname_Project-Name\Document fonts\arialbd.ttf
DataFormat:sfntData
hasSVG:no
hasCOLR:no
VariableFontType:NonVariableFont
FileLength:990208
FileModTime:1651897158
WeightClass:700
WidthClass:5
AngleClass:0
NameArray:0,Mac,4,Arial Bold
NameArray:0,Win,1,Arial
%EndFont

